<?xml version="1.0" encoding="UTF-8" standalone="no"?><!DOCTYPE report PUBLIC "-//JACOCO//DTD Report 1.1//EN" "report.dtd"><report name="Pester (02/26/2019 13:01:31)"><sessioninfo id="this" start="1551186088982" dump="1551186091053" /><package name="src/dal"><class name="src/dal/DALChrome" sourcefilename="DALChrome.ps1"><method name="GetChromeVersionInWindows" desc="()" line="41"><counter type="INSTRUCTION" missed="2" covered="10" /><counter type="LINE" missed="2" covered="6" /><counter type="METHOD" missed="0" covered="1" /></method><method name="GetChromeVersionInMacOS" desc="()" line="63"><counter type="INSTRUCTION" missed="2" covered="9" /><counter type="LINE" missed="2" covered="7" /><counter type="METHOD" missed="0" covered="1" /></method><method name="GetChromeVersionInLinux" desc="()" line="88"><counter type="INSTRUCTION" missed="2" covered="8" /><counter type="LINE" missed="2" covered="6" /><counter type="METHOD" missed="0" covered="1" /></method><method name="GetChromeMajorVersionSwitchFullVersionNumber" desc="()" line="110"><counter type="INSTRUCTION" missed="0" covered="5" /><counter type="LINE" missed="0" covered="4" /><counter type="METHOD" missed="0" covered="1" /></method><method name="GetChromeVersionCrossPlatform" desc="()" line="124"><counter type="INSTRUCTION" missed="0" covered="9" /><counter type="LINE" missed="0" covered="9" /><counter type="METHOD" missed="0" covered="1" /></method><method name="GetChromeDownloadURLIfCompatible" desc="()" line="149"><counter type="INSTRUCTION" missed="0" covered="8" /><counter type="LINE" missed="0" covered="8" /><counter type="METHOD" missed="0" covered="1" /></method><counter type="INSTRUCTION" missed="6" covered="49" /><counter type="LINE" missed="6" covered="40" /><counter type="METHOD" missed="0" covered="6" /><counter type="CLASS" missed="0" covered="1" /></class><class name="src/dal/DALEdge" sourcefilename="DALEdge.ps1"><method name="FindEdgeApplicationPath" desc="()" line="42"><counter type="INSTRUCTION" missed="5" covered="0" /><counter type="LINE" missed="3" covered="0" /><counter type="METHOD" missed="1" covered="0" /></method><method name="GetEdgeVersionInWindows" desc="()" line="54"><counter type="INSTRUCTION" missed="2" covered="12" /><counter type="LINE" missed="2" covered="8" /><counter type="METHOD" missed="0" covered="1" /></method><method name="GetEdgeVersionCrossPlatform" desc="()" line="77"><counter type="INSTRUCTION" missed="0" covered="5" /><counter type="LINE" missed="0" covered="5" /><counter type="METHOD" missed="0" covered="1" /></method><method name="GetEdgeMajorVersionSwitchFullVersionNumber" desc="()" line="92"><counter type="INSTRUCTION" missed="0" covered="5" /><counter type="LINE" missed="0" covered="4" /><counter type="METHOD" missed="0" covered="1" /></method><method name="GetEdgeDownloadURLIfCompatible" desc="()" line="109"><counter type="INSTRUCTION" missed="0" covered="13" /><counter type="LINE" missed="0" covered="12" /><counter type="METHOD" missed="0" covered="1" /></method><counter type="INSTRUCTION" missed="7" covered="35" /><counter type="LINE" missed="5" covered="29" /><counter type="METHOD" missed="1" covered="4" /><counter type="CLASS" missed="1" covered="0" /></class><class name="src/dal/DALFireFox" sourcefilename="DALFireFox.ps1"><method name="GetFireFoxVersionInWindows" desc="()" line="41"><counter type="INSTRUCTION" missed="2" covered="10" /><counter type="LINE" missed="2" covered="6" /><counter type="METHOD" missed="0" covered="1" /></method><method name="GetFireFoxVersionInMacOS" desc="()" line="63"><counter type="INSTRUCTION" missed="2" covered="10" /><counter type="LINE" missed="2" covered="8" /><counter type="METHOD" missed="0" covered="1" /></method><method name="GetFireFoxVersionInLinux" desc="()" line="89"><counter type="INSTRUCTION" missed="2" covered="8" /><counter type="LINE" missed="2" covered="6" /><counter type="METHOD" missed="0" covered="1" /></method><method name="GetFireFoxVersionCrossPlatform" desc="()" line="112"><counter type="INSTRUCTION" missed="0" covered="9" /><counter type="LINE" missed="0" covered="9" /><counter type="METHOD" missed="0" covered="1" /></method><method name="GetFireFoxMajorVersionSwitchFullVersionNumber" desc="()" line="136"><counter type="INSTRUCTION" missed="0" covered="5" /><counter type="LINE" missed="0" covered="4" /><counter type="METHOD" missed="0" covered="1" /></method><method name="GetGeckoDownloadURLIfCompatible" desc="()" line="152"><counter type="INSTRUCTION" missed="0" covered="13" /><counter type="LINE" missed="0" covered="12" /><counter type="METHOD" missed="0" covered="1" /></method><counter type="INSTRUCTION" missed="6" covered="55" /><counter type="LINE" missed="6" covered="45" /><counter type="METHOD" missed="0" covered="6" /><counter type="CLASS" missed="0" covered="1" /></class><class name="src/dal/DALStandAlone" sourcefilename="DALStandAlone.ps1"><method name="GetInstalledJavaVersion" desc="()" line="41"><counter type="INSTRUCTION" missed="6" covered="0" /><counter type="LINE" missed="4" covered="0" /><counter type="METHOD" missed="1" covered="0" /></method><method name="IsValidJavaVersion" desc="()" line="56"><counter type="INSTRUCTION" missed="3" covered="9" /><counter type="LINE" missed="3" covered="8" /><counter type="METHOD" missed="0" covered="1" /></method><method name="GetSeleniumStandAloneDownloadURLIfCompatible" desc="()" line="84"><counter type="INSTRUCTION" missed="0" covered="8" /><counter type="LINE" missed="0" covered="8" /><counter type="METHOD" missed="0" covered="1" /></method><counter type="INSTRUCTION" missed="9" covered="17" /><counter type="LINE" missed="7" covered="16" /><counter type="METHOD" missed="1" covered="2" /><counter type="CLASS" missed="1" covered="0" /></class><class name="src/dal/DALUriDB" sourcefilename="DALUriDB.ps1"><method name="&lt;script&gt;" desc="()" line="33"><counter type="INSTRUCTION" missed="0" covered="9" /><counter type="LINE" missed="0" covered="9" /><counter type="METHOD" missed="0" covered="1" /></method><counter type="INSTRUCTION" missed="0" covered="9" /><counter type="LINE" missed="0" covered="9" /><counter type="METHOD" missed="0" covered="1" /><counter type="CLASS" missed="0" covered="1" /></class><sourcefile name="DALChrome.ps1"><line nr="41" mi="0" ci="1" /><line nr="42" mi="0" ci="1" /><line nr="44" mi="0" ci="2" /><line nr="46" mi="0" ci="3" /><line nr="47" mi="0" ci="2" /><line nr="51" mi="1" ci="0" /><line nr="52" mi="1" ci="0" /><line nr="55" mi="0" ci="1" /><line nr="63" mi="0" ci="1" /><line nr="64" mi="0" ci="1" /><line nr="66" mi="0" ci="2" /><line nr="68" mi="0" ci="1" /><line nr="70" mi="0" ci="1" /><line nr="71" mi="0" ci="2" /><line nr="76" mi="1" ci="0" /><line nr="77" mi="1" ci="0" /><line nr="80" mi="0" ci="1" /><line nr="88" mi="0" ci="1" /><line nr="89" mi="0" ci="1" /><line nr="91" mi="0" ci="2" /><line nr="93" mi="0" ci="1" /><line nr="94" mi="0" ci="2" /><line nr="98" mi="1" ci="0" /><line nr="99" mi="1" ci="0" /><line nr="102" mi="0" ci="1" /><line nr="110" mi="0" ci="1" /><line nr="112" mi="0" ci="2" /><line nr="114" mi="0" ci="1" /><line nr="116" mi="0" ci="1" /><line nr="124" mi="0" ci="1" /><line nr="125" mi="0" ci="1" /><line nr="127" mi="0" ci="1" /><line nr="128" mi="0" ci="1" /><line nr="131" mi="0" ci="1" /><line nr="132" mi="0" ci="1" /><line nr="135" mi="0" ci="1" /><line nr="136" mi="0" ci="1" /><line nr="139" mi="0" ci="1" /><line nr="149" mi="0" ci="1" /><line nr="150" mi="0" ci="1" /><line nr="151" mi="0" ci="1" /><line nr="152" mi="0" ci="1" /><line nr="153" mi="0" ci="1" /><line nr="155" mi="0" ci="1" /><line nr="157" mi="0" ci="1" /><line nr="160" mi="0" ci="1" /><counter type="INSTRUCTION" missed="6" covered="49" /><counter type="LINE" missed="6" covered="40" /><counter type="METHOD" missed="0" covered="6" /><counter type="CLASS" missed="0" covered="1" /></sourcefile><sourcefile name="DALEdge.ps1"><line nr="42" mi="3" ci="0" /><line nr="43" mi="1" ci="0" /><line nr="45" mi="1" ci="0" /><line nr="54" mi="0" ci="1" /><line nr="55" mi="0" ci="1" /><line nr="57" mi="0" ci="2" /><line nr="59" mi="0" ci="3" /><line nr="60" mi="0" ci="2" /><line nr="61" mi="0" ci="1" /><line nr="62" mi="0" ci="1" /><line nr="66" mi="1" ci="0" /><line nr="67" mi="1" ci="0" /><line nr="70" mi="0" ci="1" /><line nr="77" mi="0" ci="1" /><line nr="78" mi="0" ci="1" /><line nr="80" mi="0" ci="1" /><line nr="81" mi="0" ci="1" /><line nr="84" mi="0" ci="1" /><line nr="92" mi="0" ci="1" /><line nr="94" mi="0" ci="2" /><line nr="96" mi="0" ci="1" /><line nr="98" mi="0" ci="1" /><line nr="109" mi="0" ci="1" /><line nr="110" mi="0" ci="1" /><line nr="111" mi="0" ci="1" /><line nr="112" mi="0" ci="1" /><line nr="113" mi="0" ci="1" /><line nr="114" mi="0" ci="1" /><line nr="115" mi="0" ci="1" /><line nr="117" mi="0" ci="2" /><line nr="118" mi="0" ci="1" /><line nr="120" mi="0" ci="1" /><line nr="121" mi="0" ci="1" /><line nr="124" mi="0" ci="1" /><counter type="INSTRUCTION" missed="7" covered="35" /><counter type="LINE" missed="5" covered="29" /><counter type="METHOD" missed="1" covered="4" /><counter type="CLASS" missed="1" covered="0" /></sourcefile><sourcefile name="DALFireFox.ps1"><line nr="41" mi="0" ci="1" /><line nr="42" mi="0" ci="1" /><line nr="44" mi="0" ci="2" /><line nr="46" mi="0" ci="3" /><line nr="47" mi="0" ci="2" /><line nr="51" mi="1" ci="0" /><line nr="52" mi="1" ci="0" /><line nr="55" mi="0" ci="1" /><line nr="63" mi="0" ci="1" /><line nr="64" mi="0" ci="1" /><line nr="66" mi="0" ci="2" /><line nr="68" mi="0" ci="1" /><line nr="70" mi="0" ci="1" /><line nr="71" mi="0" ci="2" /><line nr="72" mi="0" ci="1" /><line nr="76" mi="1" ci="0" /><line nr="77" mi="1" ci="0" /><line nr="80" mi="0" ci="1" /><line nr="89" mi="0" ci="1" /><line nr="90" mi="0" ci="1" /><line nr="92" mi="0" ci="2" /><line nr="94" mi="0" ci="1" /><line nr="95" mi="0" ci="2" /><line nr="99" mi="1" ci="0" /><line nr="100" mi="1" ci="0" /><line nr="103" mi="0" ci="1" /><line nr="112" mi="0" ci="1" /><line nr="113" mi="0" ci="1" /><line nr="115" mi="0" ci="1" /><line nr="116" mi="0" ci="1" /><line nr="119" mi="0" ci="1" /><line nr="120" mi="0" ci="1" /><line nr="123" mi="0" ci="1" /><line nr="124" mi="0" ci="1" /><line nr="127" mi="0" ci="1" /><line nr="136" mi="0" ci="1" /><line nr="138" mi="0" ci="2" /><line nr="140" mi="0" ci="1" /><line nr="142" mi="0" ci="1" /><line nr="152" mi="0" ci="1" /><line nr="153" mi="0" ci="1" /><line nr="154" mi="0" ci="1" /><line nr="155" mi="0" ci="1" /><line nr="156" mi="0" ci="1" /><line nr="157" mi="0" ci="1" /><line nr="158" mi="0" ci="1" /><line nr="160" mi="0" ci="2" /><line nr="161" mi="0" ci="1" /><line nr="163" mi="0" ci="1" /><line nr="164" mi="0" ci="1" /><line nr="167" mi="0" ci="1" /><counter type="INSTRUCTION" missed="6" covered="55" /><counter type="LINE" missed="6" covered="45" /><counter type="METHOD" missed="0" covered="6" /><counter type="CLASS" missed="0" covered="1" /></sourcefile><sourcefile name="DALStandAlone.ps1"><line nr="41" mi="2" ci="0" /><line nr="43" mi="2" ci="0" /><line nr="45" mi="1" ci="0" /><line nr="47" mi="1" ci="0" /><line nr="56" mi="0" ci="1" /><line nr="57" mi="0" ci="1" /><line nr="58" mi="0" ci="1" /><line nr="60" mi="0" ci="1" /><line nr="61" mi="0" ci="1" /><line nr="64" mi="0" ci="1" /><line nr="65" mi="0" ci="1" /><line nr="68" mi="1" ci="0" /><line nr="70" mi="1" ci="0" /><line nr="71" mi="1" ci="0" /><line nr="75" mi="0" ci="2" /><line nr="84" mi="0" ci="1" /><line nr="85" mi="0" ci="1" /><line nr="88" mi="0" ci="1" /><line nr="89" mi="0" ci="1" /><line nr="90" mi="0" ci="1" /><line nr="92" mi="0" ci="1" /><line nr="93" mi="0" ci="1" /><line nr="96" mi="0" ci="1" /><counter type="INSTRUCTION" missed="9" covered="17" /><counter type="LINE" missed="7" covered="16" /><counter type="METHOD" missed="1" covered="2" /><counter type="CLASS" missed="1" covered="0" /></sourcefile><sourcefile name="DALUriDB.ps1"><line nr="33" mi="0" ci="1" /><line nr="34" mi="0" ci="1" /><line nr="35" mi="0" ci="1" /><line nr="36" mi="0" ci="1" /><line nr="37" mi="0" ci="1" /><line nr="38" mi="0" ci="1" /><line nr="39" mi="0" ci="1" /><line nr="40" mi="0" ci="1" /><line nr="42" mi="0" ci="1" /><counter type="INSTRUCTION" missed="0" covered="9" /><counter type="LINE" missed="0" covered="9" /><counter type="METHOD" missed="0" covered="1" /><counter type="CLASS" missed="0" covered="1" /></sourcefile><counter type="INSTRUCTION" missed="28" covered="165" /><counter type="LINE" missed="24" covered="139" /><counter type="METHOD" missed="2" covered="19" /><counter type="CLASS" missed="2" covered="3" /></package><package name="src"><class name="src/SEResourcesDB" sourcefilename="SEResourcesDB.ps1"><method name="&lt;script&gt;" desc="()" line="37"><counter type="INSTRUCTION" missed="0" covered="7" /><counter type="LINE" missed="0" covered="7" /><counter type="METHOD" missed="0" covered="1" /></method><method name="GetOsName" desc="()" line="45"><counter type="INSTRUCTION" missed="2" covered="6" /><counter type="LINE" missed="2" covered="6" /><counter type="METHOD" missed="0" covered="1" /></method><method name="GetOsArchitecture" desc="()" line="71"><counter type="INSTRUCTION" missed="0" covered="2" /><counter type="LINE" missed="0" covered="1" /><counter type="METHOD" missed="0" covered="1" /></method><method name="GetResourceFullVersion" desc="()" line="79"><counter type="INSTRUCTION" missed="4" covered="7" /><counter type="LINE" missed="4" covered="7" /><counter type="METHOD" missed="0" covered="1" /></method><method name="QueryResourceDownloadUrlDB" desc="()" line="113"><counter type="INSTRUCTION" missed="1" covered="21" /><counter type="LINE" missed="1" covered="20" /><counter type="METHOD" missed="0" covered="1" /></method><method name="GetResourceDownloadURL" desc="()" line="176"><counter type="INSTRUCTION" missed="0" covered="2" /><counter type="LINE" missed="0" covered="2" /><counter type="METHOD" missed="0" covered="1" /></method><counter type="INSTRUCTION" missed="7" covered="45" /><counter type="LINE" missed="7" covered="43" /><counter type="METHOD" missed="0" covered="6" /><counter type="CLASS" missed="0" covered="1" /></class><class name="src/SEResourcesInstaller" sourcefilename="SEResourcesInstaller.ps1"><method name="&lt;script&gt;" desc="()" line="44"><counter type="INSTRUCTION" missed="33" covered="0" /><counter type="LINE" missed="25" covered="0" /><counter type="METHOD" missed="1" covered="0" /></method><method name="IsValidURL" desc="()" line="56"><counter type="INSTRUCTION" missed="4" covered="0" /><counter type="LINE" missed="4" covered="0" /><counter type="METHOD" missed="1" covered="0" /></method><method name="GetCompatibleResourceDownloadURL" desc="()" line="72"><counter type="INSTRUCTION" missed="9" covered="0" /><counter type="LINE" missed="8" covered="0" /><counter type="METHOD" missed="1" covered="0" /></method><method name="DownloadPackageRaw" desc="()" line="96"><counter type="INSTRUCTION" missed="5" covered="0" /><counter type="LINE" missed="4" covered="0" /><counter type="METHOD" missed="1" covered="0" /></method><method name="DownloadAndUnzip" desc="()" line="110"><counter type="INSTRUCTION" missed="16" covered="0" /><counter type="LINE" missed="14" covered="0" /><counter type="METHOD" missed="1" covered="0" /></method><method name="installSeleniumSupportResources" desc="()" line="174"><counter type="INSTRUCTION" missed="17" covered="0" /><counter type="LINE" missed="14" covered="0" /><counter type="METHOD" missed="1" covered="0" /></method><counter type="INSTRUCTION" missed="84" covered="0" /><counter type="LINE" missed="69" covered="0" /><counter type="METHOD" missed="6" covered="0" /><counter type="CLASS" missed="1" covered="0" /></class><class name="src/XTherPS" sourcefilename="XTherPS.ps1"><method name="XTherDownloadLogicScripts" desc="()" line="44"><counter type="INSTRUCTION" missed="23" covered="0" /><counter type="LINE" missed="18" covered="0" /><counter type="METHOD" missed="1" covered="0" /></method><method name="XTherInstallCompatibleResources" desc="()" line="92"><counter type="INSTRUCTION" missed="5" covered="0" /><counter type="LINE" missed="5" covered="0" /><counter type="METHOD" missed="1" covered="0" /></method><method name="PrintCorporateBrand" desc="()" line="105"><counter type="INSTRUCTION" missed="6" covered="0" /><counter type="LINE" missed="6" covered="0" /><counter type="METHOD" missed="1" covered="0" /></method><method name="XTherRunAll" desc="()" line="118"><counter type="INSTRUCTION" missed="9" covered="0" /><counter type="LINE" missed="9" covered="0" /><counter type="METHOD" missed="1" covered="0" /></method><method name="&lt;script&gt;" desc="()" line="139"><counter type="INSTRUCTION" missed="2" covered="0" /><counter type="LINE" missed="2" covered="0" /><counter type="METHOD" missed="1" covered="0" /></method><counter type="INSTRUCTION" missed="45" covered="0" /><counter type="LINE" missed="40" covered="0" /><counter type="METHOD" missed="5" covered="0" /><counter type="CLASS" missed="1" covered="0" /></class><class name="src/XTherPSIndex" sourcefilename="XTherPSIndex.ps1"><method name="&lt;script&gt;" desc="()" line="34"><counter type="INSTRUCTION" missed="4" covered="0" /><counter type="LINE" missed="4" covered="0" /><counter type="METHOD" missed="1" covered="0" /></method><counter type="INSTRUCTION" missed="4" covered="0" /><counter type="LINE" missed="4" covered="0" /><counter type="METHOD" missed="1" covered="0" /><counter type="CLASS" missed="1" covered="0" /></class><sourcefile name="SEResourcesDB.ps1"><line nr="37" mi="0" ci="1" /><line nr="38" mi="0" ci="1" /><line nr="45" mi="0" ci="1" /><line nr="47" mi="0" ci="1" /><line nr="49" mi="0" ci="1" /><line nr="52" mi="0" ci="1" /><line nr="54" mi="1" ci="0" /><line nr="57" mi="0" ci="1" /><line nr="59" mi="1" ci="0" /><line nr="62" mi="0" ci="1" /><line nr="71" mi="0" ci="2" /><line nr="79" mi="0" ci="1" /><line nr="83" mi="0" ci="1" /><line nr="84" mi="1" ci="0" /><line nr="87" mi="0" ci="1" /><line nr="88" mi="1" ci="0" /><line nr="91" mi="0" ci="1" /><line nr="92" mi="1" ci="0" /><line nr="95" mi="0" ci="1" /><line nr="96" mi="0" ci="1" /><line nr="101" mi="1" ci="0" /><line nr="104" mi="0" ci="1" /><line nr="113" mi="0" ci="1" /><line nr="114" mi="0" ci="1" /><line nr="116" mi="0" ci="2" /><line nr="118" mi="0" ci="1" /><line nr="120" mi="0" ci="1" /><line nr="123" mi="0" ci="1" /><line nr="127" mi="0" ci="1" /><line nr="128" mi="0" ci="1" /><line nr="130" mi="0" ci="1" /><line nr="131" mi="0" ci="1" /><line nr="134" mi="0" ci="1" /><line nr="135" mi="0" ci="1" /><line nr="138" mi="0" ci="1" /><line nr="139" mi="0" ci="1" /><line nr="142" mi="0" ci="1" /><line nr="143" mi="0" ci="1" /><line nr="147" mi="0" ci="1" /><line nr="148" mi="0" ci="1" /><line nr="155" mi="0" ci="1" /><line nr="157" mi="1" ci="0" /><line nr="159" mi="0" ci="1" /><line nr="164" mi="0" ci="1" /><line nr="165" mi="0" ci="1" /><line nr="166" mi="0" ci="1" /><line nr="167" mi="0" ci="1" /><line nr="168" mi="0" ci="1" /><line nr="176" mi="0" ci="1" /><line nr="178" mi="0" ci="1" /><counter type="INSTRUCTION" missed="7" covered="45" /><counter type="LINE" missed="7" covered="43" /><counter type="METHOD" missed="0" covered="6" /><counter type="CLASS" missed="0" covered="1" /></sourcefile><sourcefile name="SEResourcesInstaller.ps1"><line nr="44" mi="1" ci="0" /><line nr="46" mi="1" ci="0" /><line nr="49" mi="1" ci="0" /><line nr="56" mi="1" ci="0" /><line nr="58" mi="1" ci="0" /><line nr="62" mi="1" ci="0" /><line nr="63" mi="1" ci="0" /><line nr="72" mi="1" ci="0" /><line nr="75" mi="1" ci="0" /><line nr="78" mi="2" ci="0" /><line nr="79" mi="1" ci="0" /><line nr="82" mi="1" ci="0" /><line nr="83" mi="1" ci="0" /><line nr="84" mi="1" ci="0" /><line nr="87" mi="1" ci="0" /><line nr="96" mi="1" ci="0" /><line nr="97" mi="1" ci="0" /><line nr="100" mi="2" ci="0" /><line nr="103" mi="1" ci="0" /><line nr="110" mi="1" ci="0" /><line nr="111" mi="1" ci="0" /><line nr="113" mi="1" ci="0" /><line nr="114" mi="1" ci="0" /><line nr="115" mi="2" ci="0" /><line nr="116" mi="1" ci="0" /><line nr="117" mi="1" ci="0" /><line nr="119" mi="1" ci="0" /><line nr="120" mi="2" ci="0" /><line nr="121" mi="1" ci="0" /><line nr="122" mi="1" ci="0" /><line nr="125" mi="1" ci="0" /><line nr="126" mi="1" ci="0" /><line nr="127" mi="1" ci="0" /><line nr="130" mi="1" ci="0" /><line nr="131" mi="2" ci="0" /><line nr="132" mi="2" ci="0" /><line nr="134" mi="1" ci="0" /><line nr="135" mi="1" ci="0" /><line nr="139" mi="1" ci="0" /><line nr="140" mi="2" ci="0" /><line nr="141" mi="2" ci="0" /><line nr="143" mi="1" ci="0" /><line nr="144" mi="1" ci="0" /><line nr="148" mi="1" ci="0" /><line nr="149" mi="2" ci="0" /><line nr="150" mi="2" ci="0" /><line nr="152" mi="1" ci="0" /><line nr="153" mi="1" ci="0" /><line nr="157" mi="1" ci="0" /><line nr="158" mi="2" ci="0" /><line nr="159" mi="2" ci="0" /><line nr="161" mi="1" ci="0" /><line nr="162" mi="1" ci="0" /><line nr="166" mi="1" ci="0" /><line nr="174" mi="1" ci="0" /><line nr="175" mi="1" ci="0" /><line nr="177" mi="2" ci="0" /><line nr="178" mi="1" ci="0" /><line nr="179" mi="1" ci="0" /><line nr="182" mi="1" ci="0" /><line nr="184" mi="1" ci="0" /><line nr="187" mi="1" ci="0" /><line nr="189" mi="1" ci="0" /><line nr="192" mi="1" ci="0" /><line nr="194" mi="1" ci="0" /><line nr="197" mi="1" ci="0" /><line nr="199" mi="1" ci="0" /><line nr="203" mi="3" ci="0" /><line nr="207" mi="1" ci="0" /><counter type="INSTRUCTION" missed="84" covered="0" /><counter type="LINE" missed="69" covered="0" /><counter type="METHOD" missed="6" covered="0" /><counter type="CLASS" missed="1" covered="0" /></sourcefile><sourcefile name="XTherPS.ps1"><line nr="44" mi="1" ci="0" /><line nr="45" mi="1" ci="0" /><line nr="46" mi="1" ci="0" /><line nr="48" mi="2" ci="0" /><line nr="49" mi="2" ci="0" /><line nr="51" mi="1" ci="0" /><line nr="54" mi="1" ci="0" /><line nr="56" mi="1" ci="0" /><line nr="58" mi="1" ci="0" /><line nr="61" mi="1" ci="0" /><line nr="66" mi="1" ci="0" /><line nr="68" mi="3" ci="0" /><line nr="69" mi="1" ci="0" /><line nr="71" mi="1" ci="0" /><line nr="75" mi="1" ci="0" /><line nr="79" mi="2" ci="0" /><line nr="82" mi="1" ci="0" /><line nr="83" mi="1" ci="0" /><line nr="92" mi="1" ci="0" /><line nr="94" mi="1" ci="0" /><line nr="98" mi="1" ci="0" /><line nr="99" mi="1" ci="0" /><line nr="100" mi="1" ci="0" /><line nr="105" mi="1" ci="0" /><line nr="106" mi="1" ci="0" /><line nr="107" mi="1" ci="0" /><line nr="108" mi="1" ci="0" /><line nr="109" mi="1" ci="0" /><line nr="110" mi="1" ci="0" /><line nr="118" mi="1" ci="0" /><line nr="119" mi="1" ci="0" /><line nr="122" mi="1" ci="0" /><line nr="123" mi="1" ci="0" /><line nr="127" mi="1" ci="0" /><line nr="128" mi="1" ci="0" /><line nr="132" mi="1" ci="0" /><line nr="133" mi="1" ci="0" /><line nr="134" mi="1" ci="0" /><line nr="139" mi="1" ci="0" /><line nr="140" mi="1" ci="0" /><counter type="INSTRUCTION" missed="45" covered="0" /><counter type="LINE" missed="40" covered="0" /><counter type="METHOD" missed="5" covered="0" /><counter type="CLASS" missed="1" covered="0" /></sourcefile><sourcefile name="XTherPSIndex.ps1"><line nr="34" mi="1" ci="0" /><line nr="35" mi="1" ci="0" /><line nr="36" mi="1" ci="0" /><line nr="39" mi="1" ci="0" /><counter type="INSTRUCTION" missed="4" covered="0" /><counter type="LINE" missed="4" covered="0" /><counter type="METHOD" missed="1" covered="0" /><counter type="CLASS" missed="1" covered="0" /></sourcefile><counter type="INSTRUCTION" missed="140" covered="45" /><counter type="LINE" missed="120" covered="43" /><counter type="METHOD" missed="12" covered="6" /><counter type="CLASS" missed="3" covered="1" /></package><counter type="INSTRUCTION" missed="140" covered="45" /><counter type="LINE" missed="120" covered="43" /><counter type="METHOD" missed="12" covered="6" /><counter type="CLASS" missed="3" covered="1" /></report>
